Using pre-set license
Built from '2022.3/china_unity/release' branch; Version is '2022.3.42f1c1 (d3f79ae33604) revision 13891482'; Using compiler version '192829333'; Build Type 'Release'
OS: 'Windows 11  (10.0.22621) 64bit Professional' Language: 'zh' Physical Memory: 16176 MB
BatchMode: 1, IsHumanControllingUs: 0, StartBugReporterOnCrash: 0, Is64bit: 1, IsPro: 1

COMMAND LINE ARGUMENTS:
E:\Unity Hub\Hub\Editor\2022.3.42f1c1\Editor\Unity.exe
-adb2
-batchMode
-noUpm
-name
AssetImportWorker0
-projectPath
E:/Unity_Project/Terran-adventure
-logFile
Logs/AssetImportWorker0.log
-srvPort
4409
Successfully changed project path to: E:/Unity_Project/Terran-adventure
E:/Unity_Project/Terran-adventure
[UnityMemory] Configuration Parameters - Can be set up in boot.config
    "memorysetup-bucket-allocator-granularity=16"
    "memorysetup-bucket-allocator-bucket-count=8"
    "memorysetup-bucket-allocator-block-size=33554432"
    "memorysetup-bucket-allocator-block-count=8"
    "memorysetup-main-allocator-block-size=16777216"
    "memorysetup-thread-allocator-block-size=16777216"
    "memorysetup-gfx-main-allocator-block-size=16777216"
    "memorysetup-gfx-thread-allocator-block-size=16777216"
    "memorysetup-cache-allocator-block-size=4194304"
    "memorysetup-typetree-allocator-block-size=2097152"
    "memorysetup-profiler-bucket-allocator-granularity=16"
    "memorysetup-profiler-bucket-allocator-bucket-count=8"
    "memorysetup-profiler-bucket-allocator-block-size=33554432"
    "memorysetup-profiler-bucket-allocator-block-count=8"
    "memorysetup-profiler-allocator-block-size=16777216"
    "memorysetup-profiler-editor-allocator-block-size=1048576"
    "memorysetup-temp-allocator-size-main=16777216"
    "memorysetup-job-temp-allocator-block-size=2097152"
    "memorysetup-job-temp-allocator-block-size-background=1048576"
    "memorysetup-job-temp-allocator-reduction-small-platforms=262144"
    "memorysetup-allocator-temp-initial-block-size-main=262144"
    "memorysetup-allocator-temp-initial-block-size-worker=262144"
    "memorysetup-temp-allocator-size-background-worker=32768"
    "memorysetup-temp-allocator-size-job-worker=262144"
    "memorysetup-temp-allocator-size-preload-manager=33554432"
    "memorysetup-temp-allocator-size-nav-mesh-worker=65536"
    "memorysetup-temp-allocator-size-audio-worker=65536"
    "memorysetup-temp-allocator-size-cloud-worker=32768"
    "memorysetup-temp-allocator-size-gi-baking-worker=262144"
    "memorysetup-temp-allocator-size-gfx=262144"
Player connection [5932]  Target information:

Player connection [5932]  * "[IP] 192.168.2.1 [Port] 0 [Flags] 2 [Guid] 862543982 [EditorId] 862543982 [Version] 1048832 [Id] WindowsEditor(7,LAPTOP-58H45VQG) [Debug] 1 [PackageName] WindowsEditor [ProjectName] Editor" 

Player connection [5932]  * "[IP] 192.168.192.1 [Port] 0 [Flags] 2 [Guid] 862543982 [EditorId] 862543982 [Version] 1048832 [Id] WindowsEditor(7,LAPTOP-58H45VQG) [Debug] 1 [PackageName] WindowsEditor [ProjectName] Editor" 

Player connection [5932]  * "[IP] 45.143.2.1 [Port] 0 [Flags] 2 [Guid] 862543982 [EditorId] 862543982 [Version] 1048832 [Id] WindowsEditor(7,LAPTOP-58H45VQG) [Debug] 1 [PackageName] WindowsEditor [ProjectName] Editor" 

Player connection [5932]  * "[IP] 172.22.0.1 [Port] 0 [Flags] 2 [Guid] 862543982 [EditorId] 862543982 [Version] 1048832 [Id] WindowsEditor(7,LAPTOP-58H45VQG) [Debug] 1 [PackageName] WindowsEditor [ProjectName] Editor" 

Player connection [5932]  * "[IP] 169.254.83.107 [Port] 0 [Flags] 2 [Guid] 862543982 [EditorId] 862543982 [Version] 1048832 [Id] WindowsEditor(7,LAPTOP-58H45VQG) [Debug] 1 [PackageName] WindowsEditor [ProjectName] Editor" 

Player connection [5932]  * "[IP] 192.168.0.107 [Port] 0 [Flags] 2 [Guid] 862543982 [EditorId] 862543982 [Version] 1048832 [Id] WindowsEditor(7,LAPTOP-58H45VQG) [Debug] 1 [PackageName] WindowsEditor [ProjectName] Editor" 

Player connection [5932] Host joined multi-casting on [225.0.0.222:54997]...
Player connection [5932] Host joined alternative multi-casting on [225.0.0.222:34997]...
[PhysX] Initialized MultithreadedTaskDispatcher with 20 workers.
Refreshing native plugins compatible for Editor in 18.45 ms, found 3 plugins.
Preloading 0 native plugins for Editor in 0.00 ms.
Initialize engine version: 2022.3.42f1c1 (d3f79ae33604)
[Subsystems] Discovering subsystems at path E:/Unity Hub/Hub/Editor/2022.3.42f1c1/Editor/Data/Resources/UnitySubsystems
[Subsystems] Discovering subsystems at path E:/Unity_Project/Terran-adventure/Assets
GfxDevice: creating device client; threaded=0; jobified=0
Direct3D:
    Version:  Direct3D 11.0 [level 11.1]
    Renderer: NVIDIA GeForce RTX 3060 Laptop GPU (ID=0x2560)
    Vendor:   NVIDIA
    VRAM:     5996 MB
    Driver:   32.0.15.6094
Initialize mono
Mono path[0] = 'E:/Unity Hub/Hub/Editor/2022.3.42f1c1/Editor/Data/Managed'
Mono path[1] = 'E:/Unity Hub/Hub/Editor/2022.3.42f1c1/Editor/Data/MonoBleedingEdge/lib/mono/unityjit-win32'
Mono config path = 'E:/Unity Hub/Hub/Editor/2022.3.42f1c1/Editor/Data/MonoBleedingEdge/etc'
Using monoOptions --debugger-agent=transport=dt_socket,embedding=1,server=y,suspend=n,address=127.0.0.1:56452
Begin MonoManager ReloadAssembly
Registering precompiled unity dll's ...
Register platform support module: E:/Unity Hub/Hub/Editor/2022.3.42f1c1/Editor/Data/PlaybackEngines/WindowsStandaloneSupport/UnityEditor.WindowsStandalone.Extensions.dll
Registered in 0.004960 seconds.
- Loaded All Assemblies, in  0.333 seconds
Native extension for WindowsStandalone target not found
Mono: successfully reloaded assembly
- Finished resetting the current domain, in  0.222 seconds
Domain Reload Profiling: 551ms
	BeginReloadAssembly (128ms)
		ExecutionOrderSort (0ms)
		DisableScriptedObjects (0ms)
		BackupInstance (0ms)
		ReleaseScriptingObjects (0ms)
		CreateAndSetChildDomain (1ms)
	RebuildCommonClasses (28ms)
	RebuildNativeTypeToScriptingClass (8ms)
	initialDomainReloadingComplete (54ms)
	LoadAllAssembliesAndSetupDomain (111ms)
		LoadAssemblies (123ms)
		RebuildTransferFunctionScriptingTraits (0ms)
		AnalyzeDomain (109ms)
			TypeCache.Refresh (108ms)
				TypeCache.ScanAssembly (97ms)
			ScanForSourceGeneratedMonoScriptInfo (0ms)
			ResolveRequiredComponents (0ms)
	FinalizeReload (223ms)
		ReleaseScriptCaches (0ms)
		RebuildScriptCaches (0ms)
		SetupLoadedEditorAssemblies (182ms)
			LogAssemblyErrors (0ms)
			InitializePlatformSupportModulesInManaged (8ms)
			SetLoadedEditorAssemblies (7ms)
			RefreshPlugins (0ms)
			BeforeProcessingInitializeOnLoad (2ms)
			ProcessInitializeOnLoadAttributes (123ms)
			ProcessInitializeOnLoadMethodAttributes (42ms)
			AfterProcessingInitializeOnLoad (0ms)
			EditorAssembliesLoaded (0ms)
		ExecutionOrderSort2 (0ms)
		AwakeInstancesAfterBackupRestoration (0ms)
========================================================================
Worker process is ready to serve import requests
Caller must complete domain reload
Begin MonoManager ReloadAssembly
- Loaded All Assemblies, in  0.680 seconds
Native extension for WindowsStandalone target not found
Package Manager log level set to [2]
[Package Manager] Server::EnsureServerProcessIsRunning -- launch failed, reason: Unity was launched with the -noUpm command-line argument
[Package Manager] UpmClient::Send -- Unable to send message (not connected to UPM process).
[Package Manager] Cannot connect to Unity Package Manager local server
Mono: successfully reloaded assembly
- Finished resetting the current domain, in  0.773 seconds
Domain Reload Profiling: 1441ms
	BeginReloadAssembly (158ms)
		ExecutionOrderSort (0ms)
		DisableScriptedObjects (5ms)
		BackupInstance (0ms)
		ReleaseScriptingObjects (0ms)
		CreateAndSetChildDomain (17ms)
	RebuildCommonClasses (28ms)
	RebuildNativeTypeToScriptingClass (8ms)
	initialDomainReloadingComplete (51ms)
	LoadAllAssembliesAndSetupDomain (421ms)
		LoadAssemblies (358ms)
		RebuildTransferFunctionScriptingTraits (0ms)
		AnalyzeDomain (165ms)
			TypeCache.Refresh (143ms)
				TypeCache.ScanAssembly (130ms)
			ScanForSourceGeneratedMonoScriptInfo (15ms)
			ResolveRequiredComponents (5ms)
	FinalizeReload (774ms)
		ReleaseScriptCaches (0ms)
		RebuildScriptCaches (0ms)
		SetupLoadedEditorAssemblies (643ms)
			LogAssemblyErrors (0ms)
			InitializePlatformSupportModulesInManaged (6ms)
			SetLoadedEditorAssemblies (5ms)
			RefreshPlugins (0ms)
			BeforeProcessingInitializeOnLoad (96ms)
			ProcessInitializeOnLoadAttributes (487ms)
			ProcessInitializeOnLoadMethodAttributes (31ms)
			AfterProcessingInitializeOnLoad (17ms)
			EditorAssembliesLoaded (0ms)
		ExecutionOrderSort2 (0ms)
		AwakeInstancesAfterBackupRestoration (10ms)
Launched and connected shader compiler UnityShaderCompiler.exe after 0.07 seconds
Refreshing native plugins compatible for Editor in 8.17 ms, found 3 plugins.
Preloading 0 native plugins for Editor in 0.00 ms.
Unloading 3945 Unused Serialized files (Serialized files now loaded: 0)
Unloading 22 unused Assets / (56.0 KB). Loaded Objects now: 4409.
Memory consumption went from 138.0 MB to 138.0 MB.
Total: 2.943000 ms (FindLiveObjects: 0.206000 ms CreateObjectMapping: 0.103000 ms MarkObjects: 2.541400 ms  DeleteObjects: 0.091600 ms)

AssetImportParameters requested are different than current active one (requested -> active):
  custom:container-demuxer-ogg: 62fdf1f143b41e24485cea50d1cbac27 -> 
  custom:video-codec-MediaFoundation-h265: 746d11721c4dcdbdad8f713fa42b33f4 -> 
  custom:video-decoder-ogg-theora: a1e56fd34408186e4bbccfd4996cb3dc -> 
  custom:framework-win-MediaFoundation: 216162199b28c13a410421893ffa2e32 -> 
  custom:CustomObjectIndexerAttribute: 9a22284fe3817be447336de3de66b15e -> 
  custom:container-demuxer-webm: 4f35f7cbe854078d1ac9338744f61a02 -> 
  custom:container-muxer-webm: aa71ff27fc2769a1b78a27578f13a17b -> 
  custom:video-decoder-webm-vp8: 9c59270c3fd7afecdb556c50c9e8de78 -> 
  custom:SearchIndexIgnoredProperties: e643bd26f0fe6173181afceb89e7c659 -> 
  custom:AudioImporter_EditorPlatform: d09bf68614088b80899f8185d706f6e7 -> 
  custom:video-encoder-webm-vp8: eb34c28f22e8b96e1ab97ce403110664 -> 
  custom:audio-decoder-ogg-vorbis: bf7c407c2cedff20999df2af8eb42d56 -> 
  custom:audio-encoder-webm-vorbis: bf7c407c2cedff20999df2af8eb42d56 -> 
========================================================================
Received Import Request.
  Time since last request: 27102.883919 seconds.
  path: Assets/TerrainAdventure/Shader
  artifactKey: Guid(330b78e55665a22428cb52d5feff4959) Importer(815301076,1909f56bfc062723c751e8b465ee728b)
Start importing Assets/TerrainAdventure/Shader using Guid(330b78e55665a22428cb52d5feff4959) Importer(815301076,1909f56bfc062723c751e8b465ee728b) [PhysX] Initialized MultithreadedTaskDispatcher with 20 workers.
 -> (artifact id: '31450f76ec7f1499015172079d2cae44') in 0.002236 seconds
Number of updated asset objects reloaded before import = 0
Number of asset objects unloaded after import = 0
========================================================================
Received Import Request.
  Time since last request: 6.149031 seconds.
  path: Assets/TerrainAdventure/Shader/RoundShader.shader
  artifactKey: Guid(f9a3025e6bb90184080f0580e7c99d3a) Importer(815301076,1909f56bfc062723c751e8b465ee728b)
Start importing Assets/TerrainAdventure/Shader/RoundShader.shader using Guid(f9a3025e6bb90184080f0580e7c99d3a) Importer(815301076,1909f56bfc062723c751e8b465ee728b) [PhysX] Initialized MultithreadedTaskDispatcher with 20 workers.
 -> (artifact id: '49782de6dc0d8801edae8ae76253d2ee') in 0.015462 seconds
Number of updated asset objects reloaded before import = 0
Number of asset objects unloaded after import = 1
========================================================================
Received Import Request.
  Time since last request: 50.929877 seconds.
  path: Assets/TerrainAdventure/Materials
  artifactKey: Guid(f75cdcf829b565a439e53c8a9f6d0d3c) Importer(815301076,1909f56bfc062723c751e8b465ee728b)
Start importing Assets/TerrainAdventure/Materials using Guid(f75cdcf829b565a439e53c8a9f6d0d3c) Importer(815301076,1909f56bfc062723c751e8b465ee728b) [PhysX] Initialized MultithreadedTaskDispatcher with 20 workers.
 -> (artifact id: '4fa6d7bbbf9e8502c62531afac9eca83') in 0.000604 seconds
Number of updated asset objects reloaded before import = 0
Number of asset objects unloaded after import = 0
========================================================================
Received Import Request.
  Time since last request: 75.323525 seconds.
  path: Assets/QFramework/Toolkits/_CoreKit/PackageKit/Markdown/Resources/Skin/background_qs.png
  artifactKey: Guid(8ac65589526b93a48a776312c315c546) Importer(815301076,1909f56bfc062723c751e8b465ee728b)
Start importing Assets/QFramework/Toolkits/_CoreKit/PackageKit/Markdown/Resources/Skin/background_qs.png using Guid(8ac65589526b93a48a776312c315c546) Importer(815301076,1909f56bfc062723c751e8b465ee728b) [PhysX] Initialized MultithreadedTaskDispatcher with 20 workers.
[PhysX] Initialized MultithreadedTaskDispatcher with 20 workers.
 -> (artifact id: 'c2e0f898d89ead0da950e5b7b7caab59') in 0.051917 seconds
Number of updated asset objects reloaded before import = 0
Number of asset objects unloaded after import = 2
========================================================================
Received Import Request.
  Time since last request: 0.011080 seconds.
  path: Assets/QFramework/Toolkits/_CoreKit/PackageKit/Markdown/Resources/Skin/blockcode.png
  artifactKey: Guid(74398cc74facd7c4dbfd5579cf431346) Importer(815301076,1909f56bfc062723c751e8b465ee728b)
Start importing Assets/QFramework/Toolkits/_CoreKit/PackageKit/Markdown/Resources/Skin/blockcode.png using Guid(74398cc74facd7c4dbfd5579cf431346) Importer(815301076,1909f56bfc062723c751e8b465ee728b) [PhysX] Initialized MultithreadedTaskDispatcher with 20 workers.
[PhysX] Initialized MultithreadedTaskDispatcher with 20 workers.
 -> (artifact id: 'a96200d89fc7d070f7965cbf82f2741d') in 0.018283 seconds
Number of updated asset objects reloaded before import = 0
Number of asset objects unloaded after import = 2
========================================================================
Received Import Request.
  Time since last request: 0.000021 seconds.
  path: Assets/QFramework/Toolkits/_CoreKit/PackageKit/Markdown/Resources/Skin/btn_forward.png
  artifactKey: Guid(1d33a9c320ba2c147a9f93ecaf23451d) Importer(815301076,1909f56bfc062723c751e8b465ee728b)
Start importing Assets/QFramework/Toolkits/_CoreKit/PackageKit/Markdown/Resources/Skin/btn_forward.png using Guid(1d33a9c320ba2c147a9f93ecaf23451d) Importer(815301076,1909f56bfc062723c751e8b465ee728b) [PhysX] Initialized MultithreadedTaskDispatcher with 20 workers.
[PhysX] Initialized MultithreadedTaskDispatcher with 20 workers.
 -> (artifact id: 'e63b47abb11c8861338999601475b7f1') in 0.019244 seconds
Number of updated asset objects reloaded before import = 0
Number of asset objects unloaded after import = 2
========================================================================
Received Import Request.
  Time since last request: 0.000213 seconds.
  path: Assets/QFramework/Toolkits/_CoreKit/PackageKit/Markdown/Resources/Skin/btn_placeholder.png
  artifactKey: Guid(cbe6d05d9446b554dbb84ead47db6af3) Importer(815301076,1909f56bfc062723c751e8b465ee728b)
Start importing Assets/QFramework/Toolkits/_CoreKit/PackageKit/Markdown/Resources/Skin/btn_placeholder.png using Guid(cbe6d05d9446b554dbb84ead47db6af3) Importer(815301076,1909f56bfc062723c751e8b465ee728b) [PhysX] Initialized MultithreadedTaskDispatcher with 20 workers.
[PhysX] Initialized MultithreadedTaskDispatcher with 20 workers.
 -> (artifact id: '1c828f2754b0b92a96a398f46761f6f7') in 0.019634 seconds
Number of updated asset objects reloaded before import = 0
Number of asset objects unloaded after import = 2
========================================================================
Received Import Request.
  Time since last request: 0.000023 seconds.
  path: Assets/QFramework/Toolkits/_CoreKit/PackageKit/Markdown/Resources/Skin/SourceCodePro-Regular.otf
  artifactKey: Guid(5913ca9e0980c5945aeed1966b3140e7) Importer(815301076,1909f56bfc062723c751e8b465ee728b)
Start importing Assets/QFramework/Toolkits/_CoreKit/PackageKit/Markdown/Resources/Skin/SourceCodePro-Regular.otf using Guid(5913ca9e0980c5945aeed1966b3140e7) Importer(815301076,1909f56bfc062723c751e8b465ee728b) [PhysX] Initialized MultithreadedTaskDispatcher with 20 workers.
[PhysX] Initialized MultithreadedTaskDispatcher with 20 workers.
[PhysX] Initialized MultithreadedTaskDispatcher with 20 workers.
 -> (artifact id: '932450571b63d2635e5fa0e234200d48') in 0.103327 seconds
Number of updated asset objects reloaded before import = 0
Number of asset objects unloaded after import = 4
========================================================================
Received Import Request.
  Time since last request: 0.000029 seconds.
  path: Assets/QFramework/Toolkits/_CoreKit/GraphKit/IMGUI/Scripts/Editor/Resources/graphkit_imgui_dot_outer.png
  artifactKey: Guid(195db2e27403b401897770426ebc5383) Importer(815301076,1909f56bfc062723c751e8b465ee728b)
Start importing Assets/QFramework/Toolkits/_CoreKit/GraphKit/IMGUI/Scripts/Editor/Resources/graphkit_imgui_dot_outer.png using Guid(195db2e27403b401897770426ebc5383) Importer(815301076,1909f56bfc062723c751e8b465ee728b) [PhysX] Initialized MultithreadedTaskDispatcher with 20 workers.
[PhysX] Initialized MultithreadedTaskDispatcher with 20 workers.
 -> (artifact id: '2216d1ecf478ab3ba50f90068dcccc5a') in 0.018040 seconds
Number of updated asset objects reloaded before import = 0
Number of asset objects unloaded after import = 2
========================================================================
Received Import Request.
  Time since last request: 0.000055 seconds.
  path: Assets/QFramework/Toolkits/_CoreKit/PackageKit/Markdown/Resources/Skin/SourceSansPro-Light.otf
  artifactKey: Guid(5003ac77beb0d6946b55b7f3fd558ad1) Importer(815301076,1909f56bfc062723c751e8b465ee728b)
Start importing Assets/QFramework/Toolkits/_CoreKit/PackageKit/Markdown/Resources/Skin/SourceSansPro-Light.otf using Guid(5003ac77beb0d6946b55b7f3fd558ad1) Importer(815301076,1909f56bfc062723c751e8b465ee728b) [PhysX] Initialized MultithreadedTaskDispatcher with 20 workers.
[PhysX] Initialized MultithreadedTaskDispatcher with 20 workers.
[PhysX] Initialized MultithreadedTaskDispatcher with 20 workers.
 -> (artifact id: '661ea53f75605345d0123e18cc4df7e3') in 0.024376 seconds
Number of updated asset objects reloaded before import = 0
Number of asset objects unloaded after import = 4
========================================================================
Received Import Request.
  Time since last request: 0.000019 seconds.
  path: Assets/QFramework/Toolkits/_CoreKit/PackageKit/Markdown/Resources/Skin/trl.png
  artifactKey: Guid(feb101103b4b923429e7cf886c0fda91) Importer(815301076,1909f56bfc062723c751e8b465ee728b)
Start importing Assets/QFramework/Toolkits/_CoreKit/PackageKit/Markdown/Resources/Skin/trl.png using Guid(feb101103b4b923429e7cf886c0fda91) Importer(815301076,1909f56bfc062723c751e8b465ee728b) [PhysX] Initialized MultithreadedTaskDispatcher with 20 workers.
[PhysX] Initialized MultithreadedTaskDispatcher with 20 workers.
 -> (artifact id: '597d00c7b10272ffb9b756a34f75d5fd') in 0.019170 seconds
Number of updated asset objects reloaded before import = 0
Number of asset objects unloaded after import = 2
========================================================================
Received Import Request.
  Time since last request: 0.000053 seconds.
  path: Assets/QFramework/Toolkits/_CoreKit/PackageKit/Markdown/Resources/Skin/white.png
  artifactKey: Guid(d3c262e12fc42f04c8ed40e9899aae8a) Importer(815301076,1909f56bfc062723c751e8b465ee728b)
Start importing Assets/QFramework/Toolkits/_CoreKit/PackageKit/Markdown/Resources/Skin/white.png using Guid(d3c262e12fc42f04c8ed40e9899aae8a) Importer(815301076,1909f56bfc062723c751e8b465ee728b) [PhysX] Initialized MultithreadedTaskDispatcher with 20 workers.
[PhysX] Initialized MultithreadedTaskDispatcher with 20 workers.
 -> (artifact id: '24cf2ab86b22fdfc30951df448d907e6') in 0.017733 seconds
Number of updated asset objects reloaded before import = 0
Number of asset objects unloaded after import = 2
========================================================================
Received Import Request.
  Time since last request: 0.000022 seconds.
  path: Assets/QFramework/Toolkits/_CoreKit/PackageKit/Markdown/Resources/Skin/th-ds.png
  artifactKey: Guid(13dee1b5c62bedb45b1e64962ea45995) Importer(815301076,1909f56bfc062723c751e8b465ee728b)
Start importing Assets/QFramework/Toolkits/_CoreKit/PackageKit/Markdown/Resources/Skin/th-ds.png using Guid(13dee1b5c62bedb45b1e64962ea45995) Importer(815301076,1909f56bfc062723c751e8b465ee728b) [PhysX] Initialized MultithreadedTaskDispatcher with 20 workers.
[PhysX] Initialized MultithreadedTaskDispatcher with 20 workers.
 -> (artifact id: '679300e848c9c98c9857a67a4ba1deed') in 0.018393 seconds
Number of updated asset objects reloaded before import = 0
Number of asset objects unloaded after import = 2
========================================================================
Received Import Request.
  Time since last request: 0.000034 seconds.
  path: Assets/QFramework/Toolkits/_CoreKit/PackageKit/Markdown/Resources/Skin/blockquote-ds.png
  artifactKey: Guid(0d3a2dede56f6c34b8b664b12273349a) Importer(815301076,1909f56bfc062723c751e8b465ee728b)
Start importing Assets/QFramework/Toolkits/_CoreKit/PackageKit/Markdown/Resources/Skin/blockquote-ds.png using Guid(0d3a2dede56f6c34b8b664b12273349a) Importer(815301076,1909f56bfc062723c751e8b465ee728b) [PhysX] Initialized MultithreadedTaskDispatcher with 20 workers.
[PhysX] Initialized MultithreadedTaskDispatcher with 20 workers.
 -> (artifact id: '2c5e3bae89069aefab0446d5be332339') in 0.016718 seconds
Number of updated asset objects reloaded before import = 0
Number of asset objects unloaded after import = 2
========================================================================
Received Import Request.
  Time since last request: 0.000019 seconds.
  path: Assets/QFramework/Toolkits/_CoreKit/PackageKit/Markdown/Resources/Skin/btn_back.png
  artifactKey: Guid(236a129fe072d744796984a62f6b86ac) Importer(815301076,1909f56bfc062723c751e8b465ee728b)
Start importing Assets/QFramework/Toolkits/_CoreKit/PackageKit/Markdown/Resources/Skin/btn_back.png using Guid(236a129fe072d744796984a62f6b86ac) Importer(815301076,1909f56bfc062723c751e8b465ee728b) [PhysX] Initialized MultithreadedTaskDispatcher with 20 workers.
[PhysX] Initialized MultithreadedTaskDispatcher with 20 workers.
 -> (artifact id: '242ec741480fd705498c6862dc767f88') in 0.016518 seconds
Number of updated asset objects reloaded before import = 0
Number of asset objects unloaded after import = 2
========================================================================
Received Import Request.
  Time since last request: 0.000019 seconds.
  path: Assets/QFramework/Toolkits/_CoreKit/PackageKit/Markdown/Resources/Skin/btn_file.png
  artifactKey: Guid(daa1a28557e23d644b821fdd6f8e27b4) Importer(815301076,1909f56bfc062723c751e8b465ee728b)
Start importing Assets/QFramework/Toolkits/_CoreKit/PackageKit/Markdown/Resources/Skin/btn_file.png using Guid(daa1a28557e23d644b821fdd6f8e27b4) Importer(815301076,1909f56bfc062723c751e8b465ee728b) [PhysX] Initialized MultithreadedTaskDispatcher with 20 workers.
[PhysX] Initialized MultithreadedTaskDispatcher with 20 workers.
 -> (artifact id: '32fbdb4a2131bd08d450eca48836b4fe') in 0.017728 seconds
Number of updated asset objects reloaded before import = 0
Number of asset objects unloaded after import = 2
========================================================================
Received Import Request.
  Time since last request: 0.000019 seconds.
  path: Assets/QFramework/Toolkits/_CoreKit/PackageKit/Markdown/Resources/Skin/th.png
  artifactKey: Guid(c190cb5a3e2d341408239fa11c1af62d) Importer(815301076,1909f56bfc062723c751e8b465ee728b)
Start importing Assets/QFramework/Toolkits/_CoreKit/PackageKit/Markdown/Resources/Skin/th.png using Guid(c190cb5a3e2d341408239fa11c1af62d) Importer(815301076,1909f56bfc062723c751e8b465ee728b) [PhysX] Initialized MultithreadedTaskDispatcher with 20 workers.
[PhysX] Initialized MultithreadedTaskDispatcher with 20 workers.
 -> (artifact id: 'd53b70fc5f9b54600534566e6e7ecded') in 0.017532 seconds
Number of updated asset objects reloaded before import = 0
Number of asset objects unloaded after import = 2
========================================================================
Received Import Request.
  Time since last request: 0.000029 seconds.
  path: Assets/QFramework/Toolkits/_CoreKit/PackageKit/Markdown/Resources/Skin/blockquote.png
  artifactKey: Guid(d26237969c89d384091829f3d4233c7a) Importer(815301076,1909f56bfc062723c751e8b465ee728b)
Start importing Assets/QFramework/Toolkits/_CoreKit/PackageKit/Markdown/Resources/Skin/blockquote.png using Guid(d26237969c89d384091829f3d4233c7a) Importer(815301076,1909f56bfc062723c751e8b465ee728b) [PhysX] Initialized MultithreadedTaskDispatcher with 20 workers.
[PhysX] Initialized MultithreadedTaskDispatcher with 20 workers.
 -> (artifact id: '9e96d9c17eaffae74a3fdcafeda4afd8') in 0.016020 seconds
Number of updated asset objects reloaded before import = 0
Number of asset objects unloaded after import = 2
Editor requested this worker to shutdown with reason: Scaling down because of idle timeout
TcpMessagingSession - receive error: operation aborted. errorcode: 995, details: 由于线程退出或应用程序请求，已中止 I/O 操作。
AssetImportWorker is now disconnected from the server
Process exiting
Exiting without the bug reporter. Application will terminate with return code 0